<?xml version="1.0" encoding="UTF-8"?>
<!-- Generated by org.testng.reporters.JUnitReportReporter -->
<testsuite hostname="LAPTOP-J0KQPQC2" failures="0" tests="1" name="com.javacodegeeks.testng.maven.TestNgMavenExample" time="1.865" errors="0" timestamp="2024-06-01T11:49:08 IST" skipped="0">
  <testcase classname="com.javacodegeeks.testng.maven.TestNgMavenExample" name="getFanCodeCityUsersWithMostTodosTasksCompleted" time="1.865"/>
  <system-out/>
</testsuite> <!-- com.javacodegeeks.testng.maven.TestNgMavenExample -->
